d:\faksdrugagodina\poop\projekatcpp\gsp_analiza\gsp_analiza\release\vc140.pdb
d:\faksdrugagodina\poop\projekatcpp\gsp_analiza\gsp_analiza\release\stop.obj
d:\faksdrugagodina\poop\projekatcpp\gsp_analiza\gsp_analiza\release\network.obj
d:\faksdrugagodina\poop\projekatcpp\gsp_analiza\gsp_analiza\release\main.obj
d:\faksdrugagodina\poop\projekatcpp\gsp_analiza\gsp_analiza\release\location.obj
d:\faksdrugagodina\poop\projekatcpp\gsp_analiza\gsp_analiza\release\line.obj
d:\faksdrugagodina\poop\projekatcpp\gsp_analiza\gsp_analiza\release\lgenerator.obj
d:\faksdrugagodina\poop\projekatcpp\gsp_analiza\gsp_analiza\release\gmlformat.obj
d:\faksdrugagodina\poop\projekatcpp\gsp_analiza\gsp_analiza\release\generator.obj
d:\faksdrugagodina\poop\projekatcpp\gsp_analiza\gsp_analiza\release\format.obj
d:\faksdrugagodina\poop\projekatcpp\gsp_analiza\gsp_analiza\release\direction.obj
d:\faksdrugagodina\poop\projekatcpp\gsp_analiza\gsp_analiza\release\csvformat.obj
d:\faksdrugagodina\poop\projekatcpp\gsp_analiza\gsp_analiza\release\cgenerator.obj
d:\faksdrugagodina\poop\projekatcpp\gsp_analiza\release\gsp_analiza.exe
d:\faksdrugagodina\poop\projekatcpp\gsp_analiza\release\gsp_analiza.ipdb
d:\faksdrugagodina\poop\projekatcpp\gsp_analiza\release\gsp_analiza.iobj
d:\faksdrugagodina\poop\projekatcpp\gsp_analiza\release\gsp_analiza.pdb
d:\faksdrugagodina\poop\projekatcpp\gsp_analiza\gsp_analiza\release\gsp_analiza.tlog\cl.command.1.tlog
d:\faksdrugagodina\poop\projekatcpp\gsp_analiza\gsp_analiza\release\gsp_analiza.tlog\cl.read.1.tlog
d:\faksdrugagodina\poop\projekatcpp\gsp_analiza\gsp_analiza\release\gsp_analiza.tlog\cl.write.1.tlog
d:\faksdrugagodina\poop\projekatcpp\gsp_analiza\gsp_analiza\release\gsp_analiza.tlog\link.command.1.tlog
d:\faksdrugagodina\poop\projekatcpp\gsp_analiza\gsp_analiza\release\gsp_analiza.tlog\link.read.1.tlog
d:\faksdrugagodina\poop\projekatcpp\gsp_analiza\gsp_analiza\release\gsp_analiza.tlog\link.write.1.tlog
