d:\faksdrugagodina\poop\projekatcpp\gsp_analiza\gsp_analiza\debug\vc140.pdb
d:\faksdrugagodina\poop\projekatcpp\gsp_analiza\gsp_analiza\debug\vc140.idb
d:\faksdrugagodina\poop\projekatcpp\gsp_analiza\gsp_analiza\debug\direction.obj
d:\faksdrugagodina\poop\projekatcpp\gsp_analiza\gsp_analiza\debug\line.obj
d:\faksdrugagodina\poop\projekatcpp\gsp_analiza\gsp_analiza\debug\location.obj
d:\faksdrugagodina\poop\projekatcpp\gsp_analiza\gsp_analiza\debug\main.obj
d:\faksdrugagodina\poop\projekatcpp\gsp_analiza\gsp_analiza\debug\network.obj
d:\faksdrugagodina\poop\projekatcpp\gsp_analiza\gsp_analiza\debug\stop.obj
d:\faksdrugagodina\poop\projekatcpp\gsp_analiza\gsp_analiza\debug\cgenerator.obj
d:\faksdrugagodina\poop\projekatcpp\gsp_analiza\gsp_analiza\debug\csvformat.obj
d:\faksdrugagodina\poop\projekatcpp\gsp_analiza\gsp_analiza\debug\format.obj
d:\faksdrugagodina\poop\projekatcpp\gsp_analiza\gsp_analiza\debug\generator.obj
d:\faksdrugagodina\poop\projekatcpp\gsp_analiza\gsp_analiza\debug\gmlformat.obj
d:\faksdrugagodina\poop\projekatcpp\gsp_analiza\gsp_analiza\debug\lgenerator.obj
d:\faksdrugagodina\poop\projekatcpp\gsp_analiza\debug\gsp_analiza.ilk
d:\faksdrugagodina\poop\projekatcpp\gsp_analiza\debug\gsp_analiza.exe
d:\faksdrugagodina\poop\projekatcpp\gsp_analiza\debug\gsp_analiza.pdb
d:\faksdrugagodina\poop\projekatcpp\gsp_analiza\gsp_analiza\debug\gsp_analiza.tlog\cl.command.1.tlog
d:\faksdrugagodina\poop\projekatcpp\gsp_analiza\gsp_analiza\debug\gsp_analiza.tlog\cl.read.1.tlog
d:\faksdrugagodina\poop\projekatcpp\gsp_analiza\gsp_analiza\debug\gsp_analiza.tlog\cl.write.1.tlog
d:\faksdrugagodina\poop\projekatcpp\gsp_analiza\gsp_analiza\debug\gsp_analiza.tlog\link.command.1.tlog
d:\faksdrugagodina\poop\projekatcpp\gsp_analiza\gsp_analiza\debug\gsp_analiza.tlog\link.read.1.tlog
d:\faksdrugagodina\poop\projekatcpp\gsp_analiza\gsp_analiza\debug\gsp_analiza.tlog\link.write.1.tlog
